<?xml version="1.0" encoding="UTF-8"?>
<coverage generated="1617245416626" clover="3.2.0">
  <project timestamp="1617245416627" name="All files">
    <metrics statements="61" coveredstatements="49" conditionals="32" coveredconditionals="22" methods="10" coveredmethods="9" elements="103" coveredelements="80" complexity="0" loc="61" ncloc="61" packages="1" files="2" classes="2"/>
    <file name="Game.jsx" path="C:\Users\sony\Desktop\Web Ödev\odev01\1030516440_BS436_WebProgramlama\odev04\src\Game.jsx">
      <metrics statements="59" coveredstatements="49" conditionals="32" coveredconditionals="22" methods="9" coveredmethods="9"/>
      <line num="6" count="7" type="stmt"/>
      <line num="7" count="7" type="stmt"/>
      <line num="26" count="7" type="stmt"/>
      <line num="27" count="6" type="stmt"/>
      <line num="30" count="6" type="stmt"/>
      <line num="31" count="6" type="stmt"/>
      <line num="32" count="6" type="stmt"/>
      <line num="41" count="7" type="stmt"/>
      <line num="44" count="1050" type="stmt"/>
      <line num="45" count="1050" type="stmt"/>
      <line num="47" count="1050" type="cond" truecount="1" falsecount="1"/>
      <line num="49" count="0" type="stmt"/>
      <line num="50" count="0" type="cond" truecount="0" falsecount="4"/>
      <line num="51" count="0" type="stmt"/>
      <line num="52" count="0" type="stmt"/>
      <line num="53" count="0" type="stmt"/>
      <line num="59" count="1050" type="stmt"/>
      <line num="62" count="1050" type="cond" truecount="2" falsecount="0"/>
      <line num="63" count="2" type="stmt"/>
      <line num="68" count="1050" type="cond" truecount="2" falsecount="0"/>
      <line num="69" count="2" type="stmt"/>
      <line num="71" count="2" type="stmt"/>
      <line num="72" count="2" type="stmt"/>
      <line num="73" count="2" type="stmt"/>
      <line num="95" count="7" type="stmt"/>
      <line num="97" count="1050" type="stmt"/>
      <line num="98" count="1050" type="stmt"/>
      <line num="100" count="1050" type="cond" truecount="2" falsecount="0"/>
      <line num="103" count="50" type="stmt"/>
      <line num="105" count="50" type="cond" truecount="4" falsecount="0"/>
      <line num="106" count="1" type="stmt"/>
      <line num="107" count="1" type="stmt"/>
      <line num="108" count="1" type="stmt"/>
      <line num="111" count="1000" type="stmt"/>
      <line num="113" count="1000" type="cond" truecount="2" falsecount="0"/>
      <line num="114" count="1" type="stmt"/>
      <line num="116" count="1000" type="cond" truecount="2" falsecount="0"/>
      <line num="117" count="1" type="stmt"/>
      <line num="118" count="1" type="stmt"/>
      <line num="119" count="1" type="stmt"/>
      <line num="120" count="1" type="stmt"/>
      <line num="140" count="7" type="stmt"/>
      <line num="142" count="1050" type="stmt"/>
      <line num="143" count="1050" type="stmt"/>
      <line num="146" count="1050" type="cond" truecount="1" falsecount="1"/>
      <line num="148" count="0" type="stmt"/>
      <line num="150" count="0" type="cond" truecount="0" falsecount="4"/>
      <line num="151" count="0" type="stmt"/>
      <line num="152" count="0" type="stmt"/>
      <line num="153" count="0" type="stmt"/>
      <line num="157" count="1050" type="stmt"/>
      <line num="159" count="1050" type="cond" truecount="2" falsecount="0"/>
      <line num="160" count="2" type="stmt"/>
      <line num="162" count="1050" type="cond" truecount="2" falsecount="0"/>
      <line num="163" count="2" type="stmt"/>
      <line num="164" count="2" type="stmt"/>
      <line num="166" count="2" type="stmt"/>
      <line num="178" count="1050" type="stmt"/>
      <line num="183" count="6307" type="stmt"/>
    </file>
    <file name="index.jsx" path="C:\Users\sony\Desktop\Web Ödev\odev01\1030516440_BS436_WebProgramlama\odev04\src\index.jsx">
      <metrics statements="2" coveredstatements="0" conditionals="0" coveredconditionals="0" methods="1" coveredmethods="0"/>
      <line num="9" count="0" type="stmt"/>
      <line num="13" count="0" type="stmt"/>
    </file>
  </project>
</coverage>
