{"C:\\Users\\sony\\Desktop\\Web Ödev\\odev01\\1030516440_BS436_WebProgramlama\\odev04\\src\\Game.jsx": {"path":"C:\\Users\\sony\\Desktop\\Web Ödev\\odev01\\1030516440_BS436_WebProgramlama\\odev04\\src\\Game.jsx","statementMap":{"0":{"start":{"line":6,"column":8},"end":{"line":6,"column":21}},"1":{"start":{"line":7,"column":8},"end":{"line":18,"column":9}},"2":{"start":{"line":26,"column":22},"end":{"line":36,"column":1}},"3":{"start":{"line":27,"column":30},"end":{"line":27,"column":40}},"4":{"start":{"line":30,"column":4},"end":{"line":30,"column":65}},"5":{"start":{"line":31,"column":4},"end":{"line":31,"column":71}},"6":{"start":{"line":32,"column":4},"end":{"line":32,"column":70}},"7":{"start":{"line":41,"column":16},"end":{"line":89,"column":1}},"8":{"start":{"line":44,"column":14},"end":{"line":44,"column":50}},"9":{"start":{"line":45,"column":4},"end":{"line":80,"column":7}},"10":{"start":{"line":47,"column":8},"end":{"line":78,"column":1}},"11":{"start":{"line":49,"column":4},"end":{"line":49,"column":28}},"12":{"start":{"line":50,"column":4},"end":{"line":53,"column":28}},"13":{"start":{"line":51,"column":6},"end":{"line":51,"column":53}},"14":{"start":{"line":52,"column":4},"end":{"line":52,"column":68}},"15":{"start":{"line":53,"column":4},"end":{"line":53,"column":27}},"16":{"start":{"line":59,"column":4},"end":{"line":59,"column":42}},"17":{"start":{"line":62,"column":4},"end":{"line":66,"column":5}},"18":{"start":{"line":63,"column":8},"end":{"line":63,"column":82}},"19":{"start":{"line":68,"column":4},"end":{"line":76,"column":5}},"20":{"start":{"line":69,"column":8},"end":{"line":69,"column":63}},"21":{"start":{"line":71,"column":8},"end":{"line":71,"column":72}},"22":{"start":{"line":72,"column":8},"end":{"line":72,"column":31}},"23":{"start":{"line":73,"column":8},"end":{"line":73,"column":32}},"24":{"start":{"line":95,"column":14},"end":{"line":137,"column":1}},"25":{"start":{"line":97,"column":14},"end":{"line":97,"column":56}},"26":{"start":{"line":98,"column":4},"end":{"line":124,"column":6}},"27":{"start":{"line":100,"column":8},"end":{"line":123,"column":1}},"28":{"start":{"line":103,"column":4},"end":{"line":103,"column":28}},"29":{"start":{"line":105,"column":4},"end":{"line":108,"column":28}},"30":{"start":{"line":106,"column":6},"end":{"line":106,"column":53}},"31":{"start":{"line":107,"column":4},"end":{"line":107,"column":68}},"32":{"start":{"line":108,"column":4},"end":{"line":108,"column":27}},"33":{"start":{"line":111,"column":4},"end":{"line":111,"column":42}},"34":{"start":{"line":113,"column":4},"end":{"line":115,"column":5}},"35":{"start":{"line":114,"column":8},"end":{"line":114,"column":82}},"36":{"start":{"line":116,"column":4},"end":{"line":122,"column":5}},"37":{"start":{"line":117,"column":8},"end":{"line":117,"column":63}},"38":{"start":{"line":118,"column":8},"end":{"line":118,"column":72}},"39":{"start":{"line":119,"column":8},"end":{"line":119,"column":31}},"40":{"start":{"line":120,"column":8},"end":{"line":120,"column":32}},"41":{"start":{"line":140,"column":16},"end":{"line":181,"column":1}},"42":{"start":{"line":142,"column":14},"end":{"line":142,"column":56}},"43":{"start":{"line":143,"column":4},"end":{"line":170,"column":6}},"44":{"start":{"line":146,"column":8},"end":{"line":169,"column":1}},"45":{"start":{"line":148,"column":4},"end":{"line":148,"column":28}},"46":{"start":{"line":150,"column":4},"end":{"line":153,"column":28}},"47":{"start":{"line":151,"column":6},"end":{"line":151,"column":53}},"48":{"start":{"line":152,"column":4},"end":{"line":152,"column":68}},"49":{"start":{"line":153,"column":4},"end":{"line":153,"column":27}},"50":{"start":{"line":157,"column":4},"end":{"line":157,"column":42}},"51":{"start":{"line":159,"column":4},"end":{"line":161,"column":5}},"52":{"start":{"line":160,"column":8},"end":{"line":160,"column":82}},"53":{"start":{"line":162,"column":4},"end":{"line":168,"column":5}},"54":{"start":{"line":163,"column":8},"end":{"line":163,"column":63}},"55":{"start":{"line":164,"column":8},"end":{"line":164,"column":72}},"56":{"start":{"line":166,"column":8},"end":{"line":166,"column":31}},"57":{"start":{"line":178,"column":0},"end":{"line":178,"column":19}},"58":{"start":{"line":183,"column":4},"end":{"line":199,"column":11}}},"fnMap":{"0":{"name":"(anonymous_0)","decl":{"start":{"line":4,"column":4},"end":{"line":4,"column":5}},"loc":{"start":{"line":4,"column":22},"end":{"line":20,"column":5}},"line":4},"1":{"name":"(anonymous_1)","decl":{"start":{"line":26,"column":22},"end":{"line":26,"column":23}},"loc":{"start":{"line":26,"column":27},"end":{"line":36,"column":1}},"line":26},"2":{"name":"(anonymous_2)","decl":{"start":{"line":41,"column":16},"end":{"line":41,"column":17}},"loc":{"start":{"line":41,"column":22},"end":{"line":89,"column":1}},"line":41},"3":{"name":"(anonymous_3)","decl":{"start":{"line":45,"column":33},"end":{"line":45,"column":34}},"loc":{"start":{"line":45,"column":37},"end":{"line":80,"column":5}},"line":45},"4":{"name":"(anonymous_4)","decl":{"start":{"line":95,"column":14},"end":{"line":95,"column":15}},"loc":{"start":{"line":95,"column":19},"end":{"line":137,"column":1}},"line":95},"5":{"name":"(anonymous_5)","decl":{"start":{"line":98,"column":33},"end":{"line":98,"column":34}},"loc":{"start":{"line":98,"column":37},"end":{"line":124,"column":5}},"line":98},"6":{"name":"(anonymous_6)","decl":{"start":{"line":140,"column":16},"end":{"line":140,"column":17}},"loc":{"start":{"line":140,"column":21},"end":{"line":181,"column":1}},"line":140},"7":{"name":"(anonymous_7)","decl":{"start":{"line":143,"column":33},"end":{"line":143,"column":34}},"loc":{"start":{"line":143,"column":37},"end":{"line":170,"column":5}},"line":143},"8":{"name":"(anonymous_8)","decl":{"start":{"line":182,"column":0},"end":{"line":182,"column":1}},"loc":{"start":{"line":182,"column":8},"end":{"line":200,"column":1}},"line":182}},"branchMap":{"0":{"loc":{"start":{"line":47,"column":8},"end":{"line":78,"column":1}},"type":"if","locations":[{"start":{"line":47,"column":8},"end":{"line":78,"column":1}},{"start":{"line":47,"column":8},"end":{"line":78,"column":1}}],"line":47},"1":{"loc":{"start":{"line":50,"column":4},"end":{"line":53,"column":28}},"type":"if","locations":[{"start":{"line":50,"column":4},"end":{"line":53,"column":28}},{"start":{"line":50,"column":4},"end":{"line":53,"column":28}}],"line":50},"2":{"loc":{"start":{"line":50,"column":7},"end":{"line":50,"column":45}},"type":"binary-expr","locations":[{"start":{"line":50,"column":7},"end":{"line":50,"column":24}},{"start":{"line":50,"column":28},"end":{"line":50,"column":45}}],"line":50},"3":{"loc":{"start":{"line":62,"column":4},"end":{"line":66,"column":5}},"type":"if","locations":[{"start":{"line":62,"column":4},"end":{"line":66,"column":5}},{"start":{"line":62,"column":4},"end":{"line":66,"column":5}}],"line":62},"4":{"loc":{"start":{"line":68,"column":4},"end":{"line":76,"column":5}},"type":"if","locations":[{"start":{"line":68,"column":4},"end":{"line":76,"column":5}},{"start":{"line":68,"column":4},"end":{"line":76,"column":5}}],"line":68},"5":{"loc":{"start":{"line":100,"column":8},"end":{"line":123,"column":1}},"type":"if","locations":[{"start":{"line":100,"column":8},"end":{"line":123,"column":1}},{"start":{"line":100,"column":8},"end":{"line":123,"column":1}}],"line":100},"6":{"loc":{"start":{"line":105,"column":4},"end":{"line":108,"column":28}},"type":"if","locations":[{"start":{"line":105,"column":4},"end":{"line":108,"column":28}},{"start":{"line":105,"column":4},"end":{"line":108,"column":28}}],"line":105},"7":{"loc":{"start":{"line":105,"column":7},"end":{"line":105,"column":45}},"type":"binary-expr","locations":[{"start":{"line":105,"column":7},"end":{"line":105,"column":24}},{"start":{"line":105,"column":28},"end":{"line":105,"column":45}}],"line":105},"8":{"loc":{"start":{"line":113,"column":4},"end":{"line":115,"column":5}},"type":"if","locations":[{"start":{"line":113,"column":4},"end":{"line":115,"column":5}},{"start":{"line":113,"column":4},"end":{"line":115,"column":5}}],"line":113},"9":{"loc":{"start":{"line":116,"column":4},"end":{"line":122,"column":5}},"type":"if","locations":[{"start":{"line":116,"column":4},"end":{"line":122,"column":5}},{"start":{"line":116,"column":4},"end":{"line":122,"column":5}}],"line":116},"10":{"loc":{"start":{"line":146,"column":8},"end":{"line":169,"column":1}},"type":"if","locations":[{"start":{"line":146,"column":8},"end":{"line":169,"column":1}},{"start":{"line":146,"column":8},"end":{"line":169,"column":1}}],"line":146},"11":{"loc":{"start":{"line":150,"column":4},"end":{"line":153,"column":28}},"type":"if","locations":[{"start":{"line":150,"column":4},"end":{"line":153,"column":28}},{"start":{"line":150,"column":4},"end":{"line":153,"column":28}}],"line":150},"12":{"loc":{"start":{"line":150,"column":7},"end":{"line":150,"column":45}},"type":"binary-expr","locations":[{"start":{"line":150,"column":7},"end":{"line":150,"column":24}},{"start":{"line":150,"column":28},"end":{"line":150,"column":45}}],"line":150},"13":{"loc":{"start":{"line":159,"column":4},"end":{"line":161,"column":5}},"type":"if","locations":[{"start":{"line":159,"column":4},"end":{"line":161,"column":5}},{"start":{"line":159,"column":4},"end":{"line":161,"column":5}}],"line":159},"14":{"loc":{"start":{"line":162,"column":4},"end":{"line":168,"column":5}},"type":"if","locations":[{"start":{"line":162,"column":4},"end":{"line":168,"column":5}},{"start":{"line":162,"column":4},"end":{"line":168,"column":5}}],"line":162},"15":{"loc":{"start":{"line":195,"column":8},"end":{"line":195,"column":81}},"type":"binary-expr","locations":[{"start":{"line":195,"column":8},"end":{"line":195,"column":24}},{"start":{"line":195,"column":28},"end":{"line":195,"column":81}}],"line":195}},"s":{"0":7,"1":7,"2":7,"3":6,"4":6,"5":6,"6":6,"7":7,"8":1050,"9":1050,"10":1050,"11":0,"12":0,"13":0,"14":0,"15":0,"16":1050,"17":1050,"18":2,"19":1050,"20":2,"21":2,"22":2,"23":2,"24":7,"25":1050,"26":1050,"27":1050,"28":50,"29":50,"30":1,"31":1,"32":1,"33":1000,"34":1000,"35":1,"36":1000,"37":1,"38":1,"39":1,"40":1,"41":7,"42":1050,"43":1050,"44":1050,"45":0,"46":0,"47":0,"48":0,"49":0,"50":1050,"51":1050,"52":2,"53":1050,"54":2,"55":2,"56":2,"57":1050,"58":6307},"f":{"0":7,"1":6,"2":1050,"3":1050,"4":1050,"5":1050,"6":1050,"7":1050,"8":6307},"b":{"0":[0,1050],"1":[0,0],"2":[0,0],"3":[2,1048],"4":[2,1048],"5":[50,1000],"6":[1,49],"7":[50,49],"8":[1,999],"9":[1,999],"10":[0,1050],"11":[0,0],"12":[0,0],"13":[2,1048],"14":[2,1048],"15":[6307,6284]},"_coverageSchema":"1a1c01bbd47fc00a2c39e90264f33305004495a9","hash":"2e054c8d69462c5e22c99665f69dad99d4cc702b"}
,"C:\\Users\\sony\\Desktop\\Web Ödev\\odev01\\1030516440_BS436_WebProgramlama\\odev04\\src\\index.jsx": {"path":"C:\\Users\\sony\\Desktop\\Web Ödev\\odev01\\1030516440_BS436_WebProgramlama\\odev04\\src\\index.jsx","statementMap":{"0":{"start":{"line":9,"column":8},"end":{"line":9,"column":23}},"1":{"start":{"line":13,"column":0},"end":{"line":13,"column":56}}},"fnMap":{"0":{"name":"(anonymous_0)","decl":{"start":{"line":7,"column":4},"end":{"line":7,"column":5}},"loc":{"start":{"line":8,"column":4},"end":{"line":10,"column":5}},"line":8}},"branchMap":{},"s":{"0":0,"1":0},"f":{"0":0},"b":{}}
}
