TN:
SF:src\Game.jsx
FN:4,(anonymous_0)
FN:26,(anonymous_1)
FN:41,(anonymous_2)
FN:45,(anonymous_3)
FN:95,(anonymous_4)
FN:98,(anonymous_5)
FN:140,(anonymous_6)
FN:143,(anonymous_7)
FN:182,(anonymous_8)
FNF:9
FNH:9
FNDA:7,(anonymous_0)
FNDA:6,(anonymous_1)
FNDA:1050,(anonymous_2)
FNDA:1050,(anonymous_3)
FNDA:1050,(anonymous_4)
FNDA:1050,(anonymous_5)
FNDA:1050,(anonymous_6)
FNDA:1050,(anonymous_7)
FNDA:6307,(anonymous_8)
DA:6,7
DA:7,7
DA:26,7
DA:27,6
DA:30,6
DA:31,6
DA:32,6
DA:41,7
DA:44,1050
DA:45,1050
DA:47,1050
DA:49,0
DA:50,0
DA:51,0
DA:52,0
DA:53,0
DA:59,1050
DA:62,1050
DA:63,2
DA:68,1050
DA:69,2
DA:71,2
DA:72,2
DA:73,2
DA:95,7
DA:97,1050
DA:98,1050
DA:100,1050
DA:103,50
DA:105,50
DA:106,1
DA:107,1
DA:108,1
DA:111,1000
DA:113,1000
DA:114,1
DA:116,1000
DA:117,1
DA:118,1
DA:119,1
DA:120,1
DA:140,7
DA:142,1050
DA:143,1050
DA:146,1050
DA:148,0
DA:150,0
DA:151,0
DA:152,0
DA:153,0
DA:157,1050
DA:159,1050
DA:160,2
DA:162,1050
DA:163,2
DA:164,2
DA:166,2
DA:178,1050
DA:183,6307
LF:59
LH:49
BRDA:47,0,0,0
BRDA:47,0,1,1050
BRDA:50,1,0,0
BRDA:50,1,1,0
BRDA:50,2,0,0
BRDA:50,2,1,0
BRDA:62,3,0,2
BRDA:62,3,1,1048
BRDA:68,4,0,2
BRDA:68,4,1,1048
BRDA:100,5,0,50
BRDA:100,5,1,1000
BRDA:105,6,0,1
BRDA:105,6,1,49
BRDA:105,7,0,50
BRDA:105,7,1,49
BRDA:113,8,0,1
BRDA:113,8,1,999
BRDA:116,9,0,1
BRDA:116,9,1,999
BRDA:146,10,0,0
BRDA:146,10,1,1050
BRDA:150,11,0,0
BRDA:150,11,1,0
BRDA:150,12,0,0
BRDA:150,12,1,0
BRDA:159,13,0,2
BRDA:159,13,1,1048
BRDA:162,14,0,2
BRDA:162,14,1,1048
BRDA:195,15,0,6307
BRDA:195,15,1,6284
BRF:32
BRH:22
end_of_record
TN:
SF:src\index.jsx
FN:7,(anonymous_0)
FNF:1
FNH:0
FNDA:0,(anonymous_0)
DA:9,0
DA:13,0
LF:2
LH:0
BRF:0
BRH:0
end_of_record
